Determining if the include file xlocale.h exists failed with the following output:
Change Dir: /home/pi/iotivity-2.0.1.1-unsecure/json-c-build/CMakeFiles/CMakeTmp

Run Build Command:"/usr/bin/make" "cmTC_2653e/fast"
/usr/bin/make -f CMakeFiles/cmTC_2653e.dir/build.make CMakeFiles/cmTC_2653e.dir/build
make[1]: Entering directory '/home/pi/iotivity-2.0.1.1-unsecure/json-c-build/CMakeFiles/CMakeTmp'
Building C object CMakeFiles/cmTC_2653e.dir/CheckIncludeFile.c.o
/usr/bin/cc -D_GNU_SOURCE  -fPIE   -o CMakeFiles/cmTC_2653e.dir/CheckIncludeFile.c.o   -c /home/pi/iotivity-2.0.1.1-unsecure/json-c-build/CMakeFiles/CMakeTmp/CheckIncludeFile.c
/home/pi/iotivity-2.0.1.1-unsecure/json-c-build/CMakeFiles/CMakeTmp/CheckIncludeFile.c:1:10: fatal error: xlocale.h: No such file or directory
 #include <xlocale.h>
          ^~~~~~~~~~~
compilation terminated.
make[1]: *** [CMakeFiles/cmTC_2653e.dir/build.make:66: CMakeFiles/cmTC_2653e.dir/CheckIncludeFile.c.o] Error 1
make[1]: Leaving directory '/home/pi/iotivity-2.0.1.1-unsecure/json-c-build/CMakeFiles/CMakeTmp'
make: *** [Makefile:121: cmTC_2653e/fast] Error 2


Determining if the _isnan exist failed with the following output:
Change Dir: /home/pi/iotivity-2.0.1.1-unsecure/json-c-build/CMakeFiles/CMakeTmp

Run Build Command:"/usr/bin/make" "cmTC_e048a/fast"
/usr/bin/make -f CMakeFiles/cmTC_e048a.dir/build.make CMakeFiles/cmTC_e048a.dir/build
make[1]: Entering directory '/home/pi/iotivity-2.0.1.1-unsecure/json-c-build/CMakeFiles/CMakeTmp'
Building C object CMakeFiles/cmTC_e048a.dir/CheckSymbolExists.c.o
/usr/bin/cc -D_GNU_SOURCE  -fPIE   -o CMakeFiles/cmTC_e048a.dir/CheckSymbolExists.c.o   -c /home/pi/iotivity-2.0.1.1-unsecure/json-c-build/CMakeFiles/CMakeTmp/CheckSymbolExists.c
/home/pi/iotivity-2.0.1.1-unsecure/json-c-build/CMakeFiles/CMakeTmp/CheckSymbolExists.c: In function ‘main’:
/home/pi/iotivity-2.0.1.1-unsecure/json-c-build/CMakeFiles/CMakeTmp/CheckSymbolExists.c:8:19: error: ‘_isnan’ undeclared (first use in this function)
   return ((int*)(&_isnan))[argc];
                   ^~~~~~
/home/pi/iotivity-2.0.1.1-unsecure/json-c-build/CMakeFiles/CMakeTmp/CheckSymbolExists.c:8:19: note: each undeclared identifier is reported only once for each function it appears in
make[1]: *** [CMakeFiles/cmTC_e048a.dir/build.make:66: CMakeFiles/cmTC_e048a.dir/CheckSymbolExists.c.o] Error 1
make[1]: Leaving directory '/home/pi/iotivity-2.0.1.1-unsecure/json-c-build/CMakeFiles/CMakeTmp'
make: *** [Makefile:121: cmTC_e048a/fast] Error 2

File /home/pi/iotivity-2.0.1.1-unsecure/json-c-build/CMakeFiles/CMakeTmp/CheckSymbolExists.c:
/* */
#include <float.h>

int main(int argc, char** argv)
{
  (void)argv;
#ifndef _isnan
  return ((int*)(&_isnan))[argc];
#else
  (void)argc;
  return 0;
#endif
}

Determining if the _finite exist failed with the following output:
Change Dir: /home/pi/iotivity-2.0.1.1-unsecure/json-c-build/CMakeFiles/CMakeTmp

Run Build Command:"/usr/bin/make" "cmTC_7bf3c/fast"
/usr/bin/make -f CMakeFiles/cmTC_7bf3c.dir/build.make CMakeFiles/cmTC_7bf3c.dir/build
make[1]: Entering directory '/home/pi/iotivity-2.0.1.1-unsecure/json-c-build/CMakeFiles/CMakeTmp'
Building C object CMakeFiles/cmTC_7bf3c.dir/CheckSymbolExists.c.o
/usr/bin/cc -D_GNU_SOURCE  -fPIE   -o CMakeFiles/cmTC_7bf3c.dir/CheckSymbolExists.c.o   -c /home/pi/iotivity-2.0.1.1-unsecure/json-c-build/CMakeFiles/CMakeTmp/CheckSymbolExists.c
/home/pi/iotivity-2.0.1.1-unsecure/json-c-build/CMakeFiles/CMakeTmp/CheckSymbolExists.c: In function ‘main’:
/home/pi/iotivity-2.0.1.1-unsecure/json-c-build/CMakeFiles/CMakeTmp/CheckSymbolExists.c:8:19: error: ‘_finite’ undeclared (first use in this function)
   return ((int*)(&_finite))[argc];
                   ^~~~~~~
/home/pi/iotivity-2.0.1.1-unsecure/json-c-build/CMakeFiles/CMakeTmp/CheckSymbolExists.c:8:19: note: each undeclared identifier is reported only once for each function it appears in
make[1]: *** [CMakeFiles/cmTC_7bf3c.dir/build.make:66: CMakeFiles/cmTC_7bf3c.dir/CheckSymbolExists.c.o] Error 1
make[1]: Leaving directory '/home/pi/iotivity-2.0.1.1-unsecure/json-c-build/CMakeFiles/CMakeTmp'
make: *** [Makefile:121: cmTC_7bf3c/fast] Error 2

File /home/pi/iotivity-2.0.1.1-unsecure/json-c-build/CMakeFiles/CMakeTmp/CheckSymbolExists.c:
/* */
#include <float.h>

int main(int argc, char** argv)
{
  (void)argv;
#ifndef _finite
  return ((int*)(&_finite))[argc];
#else
  (void)argc;
  return 0;
#endif
}

Determining if the _doprnt exist failed with the following output:
Change Dir: /home/pi/iotivity-2.0.1.1-unsecure/json-c-build/CMakeFiles/CMakeTmp

Run Build Command:"/usr/bin/make" "cmTC_3edd1/fast"
/usr/bin/make -f CMakeFiles/cmTC_3edd1.dir/build.make CMakeFiles/cmTC_3edd1.dir/build
make[1]: Entering directory '/home/pi/iotivity-2.0.1.1-unsecure/json-c-build/CMakeFiles/CMakeTmp'
Building C object CMakeFiles/cmTC_3edd1.dir/CheckSymbolExists.c.o
/usr/bin/cc -D_GNU_SOURCE  -fPIE   -o CMakeFiles/cmTC_3edd1.dir/CheckSymbolExists.c.o   -c /home/pi/iotivity-2.0.1.1-unsecure/json-c-build/CMakeFiles/CMakeTmp/CheckSymbolExists.c
/home/pi/iotivity-2.0.1.1-unsecure/json-c-build/CMakeFiles/CMakeTmp/CheckSymbolExists.c: In function ‘main’:
/home/pi/iotivity-2.0.1.1-unsecure/json-c-build/CMakeFiles/CMakeTmp/CheckSymbolExists.c:8:19: error: ‘_doprnt’ undeclared (first use in this function); did you mean ‘fdopen’?
   return ((int*)(&_doprnt))[argc];
                   ^~~~~~~
                   fdopen
/home/pi/iotivity-2.0.1.1-unsecure/json-c-build/CMakeFiles/CMakeTmp/CheckSymbolExists.c:8:19: note: each undeclared identifier is reported only once for each function it appears in
make[1]: *** [CMakeFiles/cmTC_3edd1.dir/build.make:66: CMakeFiles/cmTC_3edd1.dir/CheckSymbolExists.c.o] Error 1
make[1]: Leaving directory '/home/pi/iotivity-2.0.1.1-unsecure/json-c-build/CMakeFiles/CMakeTmp'
make: *** [Makefile:121: cmTC_3edd1/fast] Error 2

File /home/pi/iotivity-2.0.1.1-unsecure/json-c-build/CMakeFiles/CMakeTmp/CheckSymbolExists.c:
/* */
#include <stdio.h>

int main(int argc, char** argv)
{
  (void)argv;
#ifndef _doprnt
  return ((int*)(&_doprnt))[argc];
#else
  (void)argc;
  return 0;
#endif
}

Performing C SOURCE FILE Test HAS_GNU_WARNING_LONG failed with the following output:
Change Dir: /home/pi/iotivity-2.0.1.1-unsecure/json-c-build/CMakeFiles/CMakeTmp

Run Build Command:"/usr/bin/make" "cmTC_e5866/fast"
/usr/bin/make -f CMakeFiles/cmTC_e5866.dir/build.make CMakeFiles/cmTC_e5866.dir/build
make[1]: Entering directory '/home/pi/iotivity-2.0.1.1-unsecure/json-c-build/CMakeFiles/CMakeTmp'
Building C object CMakeFiles/cmTC_e5866.dir/src.c.o
/usr/bin/cc -D_GNU_SOURCE  -DHAS_GNU_WARNING_LONG -fPIE   -o CMakeFiles/cmTC_e5866.dir/src.c.o   -c /home/pi/iotivity-2.0.1.1-unsecure/json-c-build/CMakeFiles/CMakeTmp/src.c
/home/pi/iotivity-2.0.1.1-unsecure/json-c-build/CMakeFiles/CMakeTmp/src.c:3:9: warning: missing terminating " character
 __asm__(".section .gnu.json_object_get
         ^
/home/pi/iotivity-2.0.1.1-unsecure/json-c-build/CMakeFiles/CMakeTmp/src.c:3:9: error: missing terminating " character
 __asm__(".section .gnu.json_object_get
         ^~~~~~~~~~~~~~~~~~~~~~~~~~~~~~
/home/pi/iotivity-2.0.1.1-unsecure/json-c-build/CMakeFiles/CMakeTmp/src.c:4:2: error: expected string literal before ‘.’ token
  .ascii "Please link against libjson-c instead of libjson"
  ^
/home/pi/iotivity-2.0.1.1-unsecure/json-c-build/CMakeFiles/CMakeTmp/src.c:5:7: warning: missing terminating " character
  .text");
       ^
/home/pi/iotivity-2.0.1.1-unsecure/json-c-build/CMakeFiles/CMakeTmp/src.c:5:7: error: missing terminating " character
  .text");
       ^~~
make[1]: *** [CMakeFiles/cmTC_e5866.dir/build.make:66: CMakeFiles/cmTC_e5866.dir/src.c.o] Error 1
make[1]: Leaving directory '/home/pi/iotivity-2.0.1.1-unsecure/json-c-build/CMakeFiles/CMakeTmp'
make: *** [Makefile:121: cmTC_e5866/fast] Error 2

Source file was:

extern void json_object_get();
__asm__(".section .gnu.json_object_get
	.ascii "Please link against libjson-c instead of libjson"
	.text");
int main(int c, char *v) { return 0;}

